Determining if the pthread_create exist failed with the following output:
Change Dir: /home/ayudha/workspace/ComputerVision/build/CMakeFiles/CMakeTmp

Run Build Command:"/usr/bin/make" "cmTC_b0233/fast"
/usr/bin/make -f CMakeFiles/cmTC_b0233.dir/build.make CMakeFiles/cmTC_b0233.dir/build
make[1]: Entering directory '/home/ayudha/workspace/ComputerVision/build/CMakeFiles/CMakeTmp'
Building C object CMakeFiles/cmTC_b0233.dir/CheckSymbolExists.c.o
/usr/bin/cc    -fPIC    -o CMakeFiles/cmTC_b0233.dir/CheckSymbolExists.c.o   -c /home/ayudha/workspace/ComputerVision/build/CMakeFiles/CMakeTmp/CheckSymbolExists.c
Linking C executable cmTC_b0233
/usr/bin/cmake -E cmake_link_script CMakeFiles/cmTC_b0233.dir/link.txt --verbose=1
/usr/bin/cc  -fPIC     CMakeFiles/cmTC_b0233.dir/CheckSymbolExists.c.o  -o cmTC_b0233 -rdynamic 
CMakeFiles/cmTC_b0233.dir/CheckSymbolExists.c.o: In function `main':
CheckSymbolExists.c:(.text+0x1b): undefined reference to `pthread_create'
collect2: error: ld returned 1 exit status
CMakeFiles/cmTC_b0233.dir/build.make:97: recipe for target 'cmTC_b0233' failed
make[1]: *** [cmTC_b0233] Error 1
make[1]: Leaving directory '/home/ayudha/workspace/ComputerVision/build/CMakeFiles/CMakeTmp'
Makefile:126: recipe for target 'cmTC_b0233/fast' failed
make: *** [cmTC_b0233/fast] Error 2

File /home/ayudha/workspace/ComputerVision/build/CMakeFiles/CMakeTmp/CheckSymbolExists.c:
/* */
#include <pthread.h>

int main(int argc, char** argv)
{
  (void)argv;
#ifndef pthread_create
  return ((int*)(&pthread_create))[argc];
#else
  (void)argc;
  return 0;
#endif
}

Determining if the function pthread_create exists in the pthreads failed with the following output:
Change Dir: /home/ayudha/workspace/ComputerVision/build/CMakeFiles/CMakeTmp

Run Build Command:"/usr/bin/make" "cmTC_76d51/fast"
/usr/bin/make -f CMakeFiles/cmTC_76d51.dir/build.make CMakeFiles/cmTC_76d51.dir/build
make[1]: Entering directory '/home/ayudha/workspace/ComputerVision/build/CMakeFiles/CMakeTmp'
Building C object CMakeFiles/cmTC_76d51.dir/CheckFunctionExists.c.o
/usr/bin/cc    -fPIC -DCHECK_FUNCTION_EXISTS=pthread_create   -o CMakeFiles/cmTC_76d51.dir/CheckFunctionExists.c.o   -c /usr/share/cmake-3.5/Modules/CheckFunctionExists.c
Linking C executable cmTC_76d51
/usr/bin/cmake -E cmake_link_script CMakeFiles/cmTC_76d51.dir/link.txt --verbose=1
/usr/bin/cc  -fPIC -DCHECK_FUNCTION_EXISTS=pthread_create    CMakeFiles/cmTC_76d51.dir/CheckFunctionExists.c.o  -o cmTC_76d51 -rdynamic -lpthreads 
/usr/bin/ld: cannot find -lpthreads
collect2: error: ld returned 1 exit status
CMakeFiles/cmTC_76d51.dir/build.make:97: recipe for target 'cmTC_76d51' failed
make[1]: *** [cmTC_76d51] Error 1
make[1]: Leaving directory '/home/ayudha/workspace/ComputerVision/build/CMakeFiles/CMakeTmp'
Makefile:126: recipe for target 'cmTC_76d51/fast' failed
make: *** [cmTC_76d51/fast] Error 2


